<?xml version="1.0" encoding="UTF-8"?>
<testng-results ignored="0" total="1" passed="1" failed="0" skipped="0">
  <reporter-output>
  </reporter-output>
  <suite started-at="2023-03-20T20:03:52 IST" name="Default suite" finished-at="2023-03-20T20:03:52 IST" duration-ms="54">
    <groups>
    </groups>
    <test started-at="2023-03-20T20:03:52 IST" name="Default test" finished-at="2023-03-20T20:03:52 IST" duration-ms="54">
      <class name="testng.com.NewTest">
        <test-method signature="f()[pri:0, instance:testng.com.NewTest@f381794]" started-at="2023-03-20T20:03:52 IST" name="f" finished-at="2023-03-20T20:03:52 IST" duration-ms="8" status="PASS">
          <reporter-output>
          </reporter-output>
        </test-method> <!-- f -->
      </class> <!-- testng.com.NewTest -->
    </test> <!-- Default test -->
  </suite> <!-- Default suite -->
</testng-results>
